[Debug Log]
====================
<Debug Enabled>
Critical files found
Config.ini found, loading...
Checking write access...
Write check successful
Checking updater errors...
No updater errors found
No updater files found
Fetching manifest...
Manifest download successful
Updating package.json file...
Package download successful
Updating nwjs release (all) file...
Updated nwjs release (all)
Updating nwjs release (stable) file...
Updated nwjs release (stable)
Updating releases list (all) file...
Updated release list (all)
Updating releases list (stable) file...
Updated release list (stable)
Updating releases list (beta) file...
Updated release list (beta)
No NWjs release build found, skipping...
Launch done
